
> spreed-sheet-react-sample@0.0.0 test
> vitest src/components/__tests__/TestSpreadsheet.allSuccess.test.tsx --reporter=json

{"numTotalTestSuites":3,"numPassedTestSuites":0,"numFailedTestSuites":3,"numPendingTestSuites":0,"numTotalTests":3,"numPassedTests":0,"numFailedTests":3,"numPendingTests":0,"numTodoTests":0,"snapshot":{"added":0,"failure":false,"filesAdded":0,"filesRemoved":0,"filesRemovedList":[],"filesUnmatched":0,"filesUpdated":0,"matched":0,"total":0,"unchecked":0,"uncheckedKeysByFile":[],"unmatched":0,"updated":0,"didUpdate":false},"startTime":1753971960639,"success":false,"testResults":[{"assertionResults":[{"ancestorTitles":["TestSpreadsheet - 全関数の成功チェック"],"fullName":"TestSpreadsheet - 全関数の成功チェック すべての関数が成功しているかチェック","status":"failed","title":"すべての関数が成功しているかチェック","duration":16124.3175,"failureMessages":["AssertionError: expected [ …(120) ] to deeply equal []\n    at /Users/yuki/created-system/spreed-sheet-react-sample/src/components/__tests__/TestSpreadsheet.allSuccess.test.tsx:108:29\n    at file:///Users/yuki/created-system/spreed-sheet-react-sample/node_modules/.pnpm/@vitest+runner@3.2.4/node_modules/@vitest/runner/dist/chunk-hooks.js:752:20"],"meta":{}},{"ancestorTitles":["TestSpreadsheet - 全関数の成功チェック","カテゴリ別テスト"],"fullName":"TestSpreadsheet - 全関数の成功チェック カテゴリ別テスト 01. 数学カテゴリの関数をチェック","status":"failed","title":"01. 数学カテゴリの関数をチェック","duration":1344.9907499999972,"failureMessages":["AssertionError: expected [ 'SERIESSUM: 1個の失敗' ] to deeply equal []\n    at /Users/yuki/created-system/spreed-sheet-react-sample/src/components/__tests__/TestSpreadsheet.allSuccess.test.tsx:142:24\n    at file:///Users/yuki/created-system/spreed-sheet-react-sample/node_modules/.pnpm/@vitest+runner@3.2.4/node_modules/@vitest/runner/dist/chunk-hooks.js:752:20"],"meta":{}},{"ancestorTitles":["TestSpreadsheet - 全関数の成功チェック","カテゴリ別テスト"],"fullName":"TestSpreadsheet - 全関数の成功チェック カテゴリ別テスト 12. 動的配列カテゴリの関数をチェック","status":"failed","title":"12. 動的配列カテゴリの関数をチェック","duration":1103.6730420000022,"failureMessages":["AssertionError: expected [ 'TRANSPOSE: 2個の失敗', …(19) ] to deeply equal []\n    at /Users/yuki/created-system/spreed-sheet-react-sample/src/components/__tests__/TestSpreadsheet.allSuccess.test.tsx:180:24\n    at file:///Users/yuki/created-system/spreed-sheet-react-sample/node_modules/.pnpm/@vitest+runner@3.2.4/node_modules/@vitest/runner/dist/chunk-hooks.js:752:20"],"meta":{}}],"startTime":1753971962545,"endTime":1753971981117.673,"status":"failed","message":"","name":"/Users/yuki/created-system/spreed-sheet-react-sample/src/components/__tests__/TestSpreadsheet.allSuccess.test.tsx"}]}
